Using pre-set license
Built from '2020.3/staging' branch; Version is '2020.3.9f1 (108be757e447) revision 1084391'; Using compiler version '192528614'; Build Type 'Release'
OS: 'Windows 10 Home Single Language; OS build 19043.1348; Version 2009; 64bit' Language: 'ru' Physical Memory: 11663 MB
BatchMode: 1, IsHumanControllingUs: 0, StartBugReporterOnCrash: 0, Is64bit: 1, IsPro: 0

 COMMAND LINE ARGUMENTS:
C:\Program Files\Unity\Hub\Editor\2020.3.9f1\Editor\Unity.exe
-adb2
-batchMode
-noUpm
-name
AssetImportWorker0
-projectPath
D:/unityD/GB/WOSMAC/WOSMAC
-logFile
Logs/AssetImportWorker0.log
-srvPort
57277
Successfully changed project path to: D:/unityD/GB/WOSMAC/WOSMAC
D:/unityD/GB/WOSMAC/WOSMAC
Using Asset Import Pipeline V2.
Refreshing native plugins compatible for Editor in 151.90 ms, found 0 plugins.
Preloading 0 native plugins for Editor in 0.00 ms.
Initialize engine version: 2020.3.9f1 (108be757e447)
[Subsystems] Discovering subsystems at path C:/Program Files/Unity/Hub/Editor/2020.3.9f1/Editor/Data/Resources/UnitySubsystems
[Subsystems] Discovering subsystems at path D:/unityD/GB/WOSMAC/WOSMAC/Assets
GfxDevice: creating device client; threaded=0
Direct3D:
    Version:  Direct3D 11.0 [level 11.1]
    Renderer: AMD Radeon R5 Graphics (ID=0x9874)
    Vendor:   
    VRAM:     5831 MB
    Driver:   27.20.1034.6
Shader 'Universal Render Pipeline/Particles/Lit': fallback shader 'Universal Render Pipeline/Particles/SimpleLit' not found
Initialize mono
Mono path[0] = 'C:/Program Files/Unity/Hub/Editor/2020.3.9f1/Editor/Data/Managed'
Mono path[1] = 'C:/Program Files/Unity/Hub/Editor/2020.3.9f1/Editor/Data/MonoBleedingEdge/lib/mono/unityjit'
Mono config path = 'C:/Program Files/Unity/Hub/Editor/2020.3.9f1/Editor/Data/MonoBleedingEdge/etc'
Using monoOptions --debugger-agent=transport=dt_socket,embedding=1,server=y,suspend=n,address=127.0.0.1:56932
Begin MonoManager ReloadAssembly
Registering precompiled unity dll's ...
Register platform support module: C:/Program Files/Unity/Hub/Editor/2020.3.9f1/Editor/Data/PlaybackEngines/MacStandaloneSupport/UnityEditor.OSXStandalone.Extensions.dll
Register platform support module: C:/Program Files/Unity/Hub/Editor/2020.3.9f1/Editor/Data/PlaybackEngines/WindowsStandaloneSupport/UnityEditor.WindowsStandalone.Extensions.dll
Register platform support module: C:/Program Files/Unity/Hub/Editor/2020.3.9f1/Editor/Data/PlaybackEngines/LinuxStandaloneSupport/UnityEditor.LinuxStandalone.Extensions.dll
Registered in 0.015915 seconds.
Native extension for LinuxStandalone target not found
Native extension for WindowsStandalone target not found
Native extension for OSXStandalone target not found
Refreshing native plugins compatible for Editor in 334.90 ms, found 0 plugins.
Preloading 0 native plugins for Editor in 0.00 ms.
Mono: successfully reloaded assembly
- Completed reload, in  8.769 seconds
Platform modules already initialized, skipping
Registering precompiled user dll's ...
Registered in 0.008051 seconds.
Begin MonoManager ReloadAssembly
Native extension for LinuxStandalone target not found
Native extension for WindowsStandalone target not found
Native extension for OSXStandalone target not found
Refreshing native plugins compatible for Editor in 150.02 ms, found 0 plugins.
Preloading 0 native plugins for Editor in 0.00 ms.
Mono: successfully reloaded assembly
- Completed reload, in  4.567 seconds
Platform modules already initialized, skipping
========================================================================
Worker process is ready to serve import requests
Shader 'Universal Render Pipeline/Particles/Lit': fallback shader 'Universal Render Pipeline/Particles/SimpleLit' not found
Launched and connected shader compiler UnityShaderCompiler.exe after 0.27 seconds
Refreshing native plugins compatible for Editor in 1.52 ms, found 0 plugins.
Preloading 0 native plugins for Editor in 0.00 ms.
Unloading 2748 Unused Serialized files (Serialized files now loaded: 0)
System memory in use before: 158.1 MB.
System memory in use after: 158.0 MB.

Unloading 13 unused Assets to reduce memory usage. Loaded Objects now: 3225.
Total: 8.092200 ms (FindLiveObjects: 0.859900 ms CreateObjectMapping: 0.509100 ms MarkObjects: 5.765100 ms  DeleteObjects: 0.954400 ms)

========================================================================
Received Import Request.
  path: Assets/script/System/DataTranslation.cs
  artifactKey: Guid(1477084176ba907448db90065a35e921) Importer(815301076,1909f56bfc062723c751e8b465ee728b)
Start importing Assets/script/System/DataTranslation.cs using Guid(1477084176ba907448db90065a35e921) Importer(815301076,1909f56bfc062723c751e8b465ee728b)  -> (artifact id: 'bc22e3dac77120541cd5c05f8b7df02c') in 0.133964 seconds
  Import took 0.216154 seconds .

========================================================================
Received Import Request.
  Time since last request: 0.001025 seconds.
  path: Assets/script/System/小harProperty.cs
  artifactKey: Guid(42efa53238dae7a4c808544dd55c2d9f) Importer(815301076,1909f56bfc062723c751e8b465ee728b)
Start importing Assets/script/System/小harProperty.cs using Guid(42efa53238dae7a4c808544dd55c2d9f) Importer(815301076,1909f56bfc062723c751e8b465ee728b)  -> (artifact id: 'd6a0dd1a8f784c9db87e499068a5be05') in 0.006376 seconds
  Import took 0.057363 seconds .

========================================================================
Received Import Request.
  Time since last request: 0.000582 seconds.
  path: Assets/script/System/DataSession.cs
  artifactKey: Guid(7462ad0e0245b2441a2bc09e27bce1bf) Importer(815301076,1909f56bfc062723c751e8b465ee728b)
Start importing Assets/script/System/DataSession.cs using Guid(7462ad0e0245b2441a2bc09e27bce1bf) Importer(815301076,1909f56bfc062723c751e8b465ee728b)  -> (artifact id: '94cf7b50a7b3f43a5c3811467e8eda1d') in 0.008337 seconds
  Import took 0.030993 seconds .

========================================================================
Received Import Request.
  Time since last request: 0.000808 seconds.
  path: Assets/script/System/My小haracter.cs
  artifactKey: Guid(542ea4e146722714c92092c00578da63) Importer(815301076,1909f56bfc062723c751e8b465ee728b)
Start importing Assets/script/System/My小haracter.cs using Guid(542ea4e146722714c92092c00578da63) Importer(815301076,1909f56bfc062723c751e8b465ee728b)  -> (artifact id: '55a1a0687f1b7139a5a2f0d69a385813') in 0.028506 seconds
  Import took 0.129296 seconds .

========================================================================
Received Import Request.
  Time since last request: 44.718497 seconds.
  path: Assets/script/System/SystemUpdate.cs
  artifactKey: Guid(608a96da36c8f7d49b09ed4a4840a2e7) Importer(815301076,1909f56bfc062723c751e8b465ee728b)
Start importing Assets/script/System/SystemUpdate.cs using Guid(608a96da36c8f7d49b09ed4a4840a2e7) Importer(815301076,1909f56bfc062723c751e8b465ee728b)  -> (artifact id: '574bebd12e0fbf5d5bdd2ee34eb6d176') in 0.007370 seconds
  Import took 0.084908 seconds .

========================================================================
Received Prepare
Registering precompiled user dll's ...
Registered in 0.005784 seconds.
Begin MonoManager ReloadAssembly
Native extension for LinuxStandalone target not found
Native extension for WindowsStandalone target not found
Native extension for OSXStandalone target not found
Refreshing native plugins compatible for Editor in 1.56 ms, found 0 plugins.
Preloading 0 native plugins for Editor in 0.00 ms.
Mono: successfully reloaded assembly
- Completed reload, in  2.646 seconds
Platform modules already initialized, skipping
Shader 'Universal Render Pipeline/Particles/Lit': fallback shader 'Universal Render Pipeline/Particles/SimpleLit' not found
Refreshing native plugins compatible for Editor in 1.51 ms, found 0 plugins.
Preloading 0 native plugins for Editor in 0.00 ms.
Unloading 2604 Unused Serialized files (Serialized files now loaded: 0)
System memory in use before: 144.5 MB.
System memory in use after: 144.4 MB.

Unloading 8 unused Assets to reduce memory usage. Loaded Objects now: 3229.
Total: 6.990300 ms (FindLiveObjects: 0.714700 ms CreateObjectMapping: 0.360100 ms MarkObjects: 5.053600 ms  DeleteObjects: 0.846700 ms)

========================================================================
Received Import Request.
  Time since last request: 29.213634 seconds.
  path: Assets/script/System/SystemUpdateAndSetup.cs
  artifactKey: Guid(608a96da36c8f7d49b09ed4a4840a2e7) Importer(815301076,1909f56bfc062723c751e8b465ee728b)
Start importing Assets/script/System/SystemUpdateAndSetup.cs using Guid(608a96da36c8f7d49b09ed4a4840a2e7) Importer(815301076,1909f56bfc062723c751e8b465ee728b)  -> (artifact id: 'd827fe03a2e6ae58020158f5b3e3a4d6') in 0.037461 seconds
  Import took 0.088795 seconds .

========================================================================
Received Import Request.
  Time since last request: 0.003622 seconds.
  path: Assets/script/System/SystemUpdateAndSetup.cs
  artifactKey: Guid(608a96da36c8f7d49b09ed4a4840a2e7) Importer(815301076,1909f56bfc062723c751e8b465ee728b)
Start importing Assets/script/System/SystemUpdateAndSetup.cs using Guid(608a96da36c8f7d49b09ed4a4840a2e7) Importer(815301076,1909f56bfc062723c751e8b465ee728b)  -> (artifact id: 'd827fe03a2e6ae58020158f5b3e3a4d6') in 0.010657 seconds
  Import took 0.034214 seconds .

========================================================================
Received Prepare
Registering precompiled user dll's ...
Registered in 0.005692 seconds.
Begin MonoManager ReloadAssembly
Native extension for LinuxStandalone target not found
Native extension for WindowsStandalone target not found
Native extension for OSXStandalone target not found
Refreshing native plugins compatible for Editor in 1.47 ms, found 0 plugins.
Preloading 0 native plugins for Editor in 0.00 ms.
Mono: successfully reloaded assembly
- Completed reload, in  2.584 seconds
Platform modules already initialized, skipping
Shader 'Universal Render Pipeline/Particles/Lit': fallback shader 'Universal Render Pipeline/Particles/SimpleLit' not found
Refreshing native plugins compatible for Editor in 1.55 ms, found 0 plugins.
Preloading 0 native plugins for Editor in 0.00 ms.
Unloading 2604 Unused Serialized files (Serialized files now loaded: 0)
System memory in use before: 144.5 MB.
System memory in use after: 144.4 MB.

Unloading 8 unused Assets to reduce memory usage. Loaded Objects now: 3232.
Total: 8.067200 ms (FindLiveObjects: 0.710200 ms CreateObjectMapping: 0.279800 ms MarkObjects: 5.801400 ms  DeleteObjects: 1.269900 ms)

========================================================================
Received Import Request.
  Time since last request: 2270.079922 seconds.
  path: Assets/script/System/SystemUpdateAndSetup.cs
  artifactKey: Guid(608a96da36c8f7d49b09ed4a4840a2e7) Importer(815301076,1909f56bfc062723c751e8b465ee728b)
Start importing Assets/script/System/SystemUpdateAndSetup.cs using Guid(608a96da36c8f7d49b09ed4a4840a2e7) Importer(815301076,1909f56bfc062723c751e8b465ee728b)  -> (artifact id: '5ff249918767c911bd167df9cb35dbf9') in 0.013134 seconds
  Import took 0.024005 seconds .

========================================================================
Received Prepare
Registering precompiled user dll's ...
Registered in 0.013521 seconds.
Begin MonoManager ReloadAssembly
Native extension for LinuxStandalone target not found
Native extension for WindowsStandalone target not found
Native extension for OSXStandalone target not found
Refreshing native plugins compatible for Editor in 39.80 ms, found 0 plugins.
Preloading 0 native plugins for Editor in 0.00 ms.
Mono: successfully reloaded assembly
- Completed reload, in  7.808 seconds
Platform modules already initialized, skipping
Shader 'Universal Render Pipeline/Particles/Lit': fallback shader 'Universal Render Pipeline/Particles/SimpleLit' not found
Refreshing native plugins compatible for Editor in 1.92 ms, found 0 plugins.
Preloading 0 native plugins for Editor in 0.00 ms.
Unloading 2869 Unused Serialized files (Serialized files now loaded: 0)
System memory in use before: 151.5 MB.
System memory in use after: 151.4 MB.

Unloading 8 unused Assets to reduce memory usage. Loaded Objects now: 3500.
Total: 17.249800 ms (FindLiveObjects: 2.074700 ms CreateObjectMapping: 0.800600 ms MarkObjects: 12.664400 ms  DeleteObjects: 1.704200 ms)

========================================================================
Received Import Request.
  Time since last request: 1263.686155 seconds.
  path: Assets/script/System/Managers
  artifactKey: Guid(4f52ec929bc6fc341b5afae63d6e4c70) Importer(815301076,1909f56bfc062723c751e8b465ee728b)
Start importing Assets/script/System/Managers using Guid(4f52ec929bc6fc341b5afae63d6e4c70) Importer(815301076,1909f56bfc062723c751e8b465ee728b)  -> (artifact id: '47c33c4645e6b8cf7aafb46f9f2473ee') in 0.043918 seconds
  Import took 0.063066 seconds .

========================================================================
Received Import Request.
  Time since last request: 17.948746 seconds.
  path: Assets/script/System/Managers/ManagerUpdate.cs
  artifactKey: Guid(9d92f510db324634a918908681f1bf3a) Importer(815301076,1909f56bfc062723c751e8b465ee728b)
Start importing Assets/script/System/Managers/ManagerUpdate.cs using Guid(9d92f510db324634a918908681f1bf3a) Importer(815301076,1909f56bfc062723c751e8b465ee728b)  -> (artifact id: '3c6f6e746248a7f1efe6a9975d322178') in 0.015497 seconds
  Import took 0.028236 seconds .

========================================================================
Received Import Request.
  Time since last request: 0.061105 seconds.
  path: Assets/script/System/Managers/ManagerUpdate.cs
  artifactKey: Guid(9d92f510db324634a918908681f1bf3a) Importer(815301076,1909f56bfc062723c751e8b465ee728b)
Start importing Assets/script/System/Managers/ManagerUpdate.cs using Guid(9d92f510db324634a918908681f1bf3a) Importer(815301076,1909f56bfc062723c751e8b465ee728b)  -> (artifact id: '3c6f6e746248a7f1efe6a9975d322178') in 0.148718 seconds
  Import took 0.164424 seconds .

========================================================================
Received Import Request.
  Time since last request: 9039.241288 seconds.
  path: Assets/script/System/Managers/ManagerEvents.cs
  artifactKey: Guid(13df64ecf19cab44fb25878a82038dc0) Importer(815301076,1909f56bfc062723c751e8b465ee728b)
Start importing Assets/script/System/Managers/ManagerEvents.cs using Guid(13df64ecf19cab44fb25878a82038dc0) Importer(815301076,1909f56bfc062723c751e8b465ee728b)  -> (artifact id: '8662413601740cebfe571de5426b0319') in 0.087878 seconds
  Import took 0.165953 seconds .

========================================================================
Received Import Request.
  Time since last request: 259.582822 seconds.
  path: Assets/script/System/Managers/Complete
  artifactKey: Guid(060371cb31432d5499c57e865b78894a) Importer(815301076,1909f56bfc062723c751e8b465ee728b)
Start importing Assets/script/System/Managers/Complete using Guid(060371cb31432d5499c57e865b78894a) Importer(815301076,1909f56bfc062723c751e8b465ee728b)  -> (artifact id: 'b4eac12e90f81adbad0a6a8b9a853170') in 0.054804 seconds
  Import took 0.069127 seconds .

========================================================================
Received Import Request.
  Time since last request: 0.121680 seconds.
  path: Assets/script/System/Managers/Complete/ManagerEvents 1.asset
  artifactKey: Guid(cec84e477fc774f49adc2bcb332e47d0) Importer(815301076,1909f56bfc062723c751e8b465ee728b)
Start importing Assets/script/System/Managers/Complete/ManagerEvents 1.asset using Guid(cec84e477fc774f49adc2bcb332e47d0) Importer(815301076,1909f56bfc062723c751e8b465ee728b)  -> (artifact id: '7d0629c6fc6eea18e70a00cfd50556db') in 0.136363 seconds
  Import took 0.150914 seconds .

========================================================================
Received Import Request.
  Time since last request: 0.001818 seconds.
  path: Assets/script/System/Managers/Complete/ManagerEvents.asset
  artifactKey: Guid(ef8c15938d3921641a26232f457b9aeb) Importer(815301076,1909f56bfc062723c751e8b465ee728b)
Start importing Assets/script/System/Managers/Complete/ManagerEvents.asset using Guid(ef8c15938d3921641a26232f457b9aeb) Importer(815301076,1909f56bfc062723c751e8b465ee728b)  -> (artifact id: '82c5f9cd0d74fc47fc11afd95930a4f3') in 0.035047 seconds
  Import took 0.053376 seconds .

========================================================================
Received Import Request.
  Time since last request: 0.001004 seconds.
  path: Assets/script/System/Managers/Complete/ManagerEvents 2.asset
  artifactKey: Guid(5dec9107b38345b4b91702766008b60d) Importer(815301076,1909f56bfc062723c751e8b465ee728b)
Start importing Assets/script/System/Managers/Complete/ManagerEvents 2.asset using Guid(5dec9107b38345b4b91702766008b60d) Importer(815301076,1909f56bfc062723c751e8b465ee728b)  -> (artifact id: '775d4056225533f02d76749b46b59c42') in 0.030558 seconds
  Import took 0.047390 seconds .

========================================================================
Received Import Request.
  Time since last request: 0.000892 seconds.
  path: Assets/script/System/Managers/Complete/ManagerUpdate.asset
  artifactKey: Guid(17efbb0f984617f49a1aadfbc15fbc9b) Importer(815301076,1909f56bfc062723c751e8b465ee728b)
Start importing Assets/script/System/Managers/Complete/ManagerUpdate.asset using Guid(17efbb0f984617f49a1aadfbc15fbc9b) Importer(815301076,1909f56bfc062723c751e8b465ee728b)  -> (artifact id: '5eaed347c3397cf92b6522a4d7be32fa') in 0.048098 seconds
  Import took 0.073547 seconds .

========================================================================
Received Import Request.
  Time since last request: 12.323469 seconds.
  path: Assets/script/System/Starters
  artifactKey: Guid(3446fe6bb6d27ad4e97b707f0789f657) Importer(815301076,1909f56bfc062723c751e8b465ee728b)
Start importing Assets/script/System/Starters using Guid(3446fe6bb6d27ad4e97b707f0789f657) Importer(815301076,1909f56bfc062723c751e8b465ee728b)  -> (artifact id: '2138be7b2d529f6404db0d73b70c24d2') in 0.017124 seconds
  Import took 0.033707 seconds .

========================================================================
Received Import Request.
  Time since last request: 2.644631 seconds.
  path: Assets/script/System/Starters/Starter.cs
  artifactKey: Guid(47668022fa9f86948b7e618ed2f0eabd) Importer(815301076,1909f56bfc062723c751e8b465ee728b)
Start importing Assets/script/System/Starters/Starter.cs using Guid(47668022fa9f86948b7e618ed2f0eabd) Importer(815301076,1909f56bfc062723c751e8b465ee728b)  -> (artifact id: '08b9c618ea6ac8a4300185b69b4c5fad') in 0.015292 seconds
  Import took 0.028796 seconds .

========================================================================
Received Prepare
Registering precompiled user dll's ...
Registered in 0.010320 seconds.
Begin MonoManager ReloadAssembly
Native extension for LinuxStandalone target not found
Native extension for WindowsStandalone target not found
Native extension for OSXStandalone target not found
Refreshing native plugins compatible for Editor in 1.55 ms, found 0 plugins.
Preloading 0 native plugins for Editor in 0.00 ms.
Mono: successfully reloaded assembly
- Completed reload, in  4.179 seconds
Platform modules already initialized, skipping
Shader 'Universal Render Pipeline/Particles/Lit': fallback shader 'Universal Render Pipeline/Particles/SimpleLit' not found
Refreshing native plugins compatible for Editor in 1.56 ms, found 0 plugins.
Preloading 0 native plugins for Editor in 0.00 ms.
Unloading 2869 Unused Serialized files (Serialized files now loaded: 0)
System memory in use before: 151.6 MB.
System memory in use after: 151.5 MB.

Unloading 8 unused Assets to reduce memory usage. Loaded Objects now: 3504.
Total: 7.726600 ms (FindLiveObjects: 0.819700 ms CreateObjectMapping: 0.263500 ms MarkObjects: 5.509800 ms  DeleteObjects: 1.129400 ms)

AssetImportWorkerClient::OnTransportError - code=2 error=End of file
